<?xml version="1.0" encoding="UTF-8"?>
<!-- Generated by org.testng.reporters.JUnitXMLReporter -->
<testsuite ignored="1" hostname="LAPTOP-P3Q25GVB" failures="0" tests="1" name="Test" time="18.074" errors="0" timestamp="2024-02-25T21:04:52 IST">
  <testcase classname="contactTest.CreatecontactTest" name="CreatecontactWithMandInfo" time="5.73"/>
  <testcase classname="contactTest.CreatecontactTest" name="demoTest" time="0.0">
    <ignored/>
  </testcase> <!-- demoTest -->
</testsuite> <!-- Test -->
