<?xml version="1.0" encoding="UTF-8"?>
<testng-results ignored="0" total="1" passed="1" failed="0" skipped="0">
  <reporter-output>
  </reporter-output>
  <suite started-at="2024-03-04T07:53:03 IST" name="Default suite" finished-at="2024-03-04T07:53:03 IST" duration-ms="66">
    <groups>
    </groups>
    <test started-at="2024-03-04T07:53:03 IST" name="Default test" finished-at="2024-03-04T07:53:03 IST" duration-ms="66">
      <class name="Practice.ReaddatafromCmdLine">
        <test-method signature="sample()[pri:0, instance:Practice.ReaddatafromCmdLine@2a65fe7c]" started-at="2024-03-04T07:53:03 IST" name="sample" finished-at="2024-03-04T07:53:03 IST" duration-ms="13" status="PASS">
          <reporter-output>
          </reporter-output>
        </test-method> <!-- sample -->
      </class> <!-- Practice.ReaddatafromCmdLine -->
    </test> <!-- Default test -->
  </suite> <!-- Default suite -->
</testng-results>
